=== puma startup: 2017-04-19 13:06:14 +0500 ===
=== puma startup: 2017-04-19 13:08:17 +0500 ===
=== puma startup: 2017-04-19 14:37:40 +0500 ===
=== puma startup: 2017-04-19 15:13:03 +0500 ===
=== puma startup: 2017-04-19 15:16:53 +0500 ===
=== puma startup: 2017-04-19 16:39:15 +0500 ===
=== puma startup: 2017-04-19 16:44:39 +0500 ===
=== puma startup: 2017-04-19 17:04:58 +0500 ===
=== puma startup: 2017-04-19 17:06:06 +0500 ===
/home/ruslan/.rvm/gems/ruby-2.3.2/gems/rack-2.0.1/lib/rack/server.rb:362:in `delete': No such file or directory @ unlink_internal - /home/ruslan/projects/sadhanamrita/tmp/pids/server.pid (Errno::ENOENT)
	from /home/ruslan/.rvm/gems/ruby-2.3.2/gems/rack-2.0.1/lib/rack/server.rb:362:in `block in write_pid'
	from /home/ruslan/.rvm/gems/ruby-2.3.2/gems/puma-3.8.2/lib/puma/cluster.rb:126:in `fork'
	from /home/ruslan/.rvm/gems/ruby-2.3.2/gems/puma-3.8.2/lib/puma/cluster.rb:126:in `block in spawn_workers'
	from /home/ruslan/.rvm/gems/ruby-2.3.2/gems/puma-3.8.2/lib/puma/cluster.rb:122:in `times'
	from /home/ruslan/.rvm/gems/ruby-2.3.2/gems/puma-3.8.2/lib/puma/cluster.rb:122:in `spawn_workers'
	from /home/ruslan/.rvm/gems/ruby-2.3.2/gems/puma-3.8.2/lib/puma/cluster.rb:447:in `run'
	from /home/ruslan/.rvm/gems/ruby-2.3.2/gems/puma-3.8.2/lib/puma/launcher.rb:172:in `run'
	from /home/ruslan/.rvm/gems/ruby-2.3.2/gems/puma-3.8.2/lib/rack/handler/puma.rb:64:in `run'
	from /home/ruslan/.rvm/gems/ruby-2.3.2/gems/rack-2.0.1/lib/rack/server.rb:296:in `start'
	from /home/ruslan/.rvm/gems/ruby-2.3.2/gems/railties-5.0.2/lib/rails/commands/server.rb:79:in `start'
	from /home/ruslan/.rvm/gems/ruby-2.3.2/gems/railties-5.0.2/lib/rails/commands/commands_tasks.rb:90:in `block in server'
	from /home/ruslan/.rvm/gems/ruby-2.3.2/gems/railties-5.0.2/lib/rails/commands/commands_tasks.rb:85:in `tap'
	from /home/ruslan/.rvm/gems/ruby-2.3.2/gems/railties-5.0.2/lib/rails/commands/commands_tasks.rb:85:in `server'
	from /home/ruslan/.rvm/gems/ruby-2.3.2/gems/railties-5.0.2/lib/rails/commands/commands_tasks.rb:49:in `run_command!'
	from /home/ruslan/.rvm/gems/ruby-2.3.2/gems/railties-5.0.2/lib/rails/commands.rb:18:in `<top (required)>'
	from /home/ruslan/projects/sadhanamrita/bin/rails:9:in `require'
	from /home/ruslan/projects/sadhanamrita/bin/rails:9:in `<top (required)>'
	from /home/ruslan/.rvm/gems/ruby-2.3.2/gems/spring-2.0.1/lib/spring/client/rails.rb:28:in `load'
	from /home/ruslan/.rvm/gems/ruby-2.3.2/gems/spring-2.0.1/lib/spring/client/rails.rb:28:in `call'
	from /home/ruslan/.rvm/gems/ruby-2.3.2/gems/spring-2.0.1/lib/spring/client/command.rb:7:in `call'
	from /home/ruslan/.rvm/gems/ruby-2.3.2/gems/spring-2.0.1/lib/spring/client.rb:30:in `run'
	from /home/ruslan/.rvm/gems/ruby-2.3.2/gems/spring-2.0.1/bin/spring:49:in `<top (required)>'
	from /home/ruslan/.rvm/gems/ruby-2.3.2/gems/spring-2.0.1/lib/spring/binstub.rb:31:in `load'
	from /home/ruslan/.rvm/gems/ruby-2.3.2/gems/spring-2.0.1/lib/spring/binstub.rb:31:in `<top (required)>'
	from /home/ruslan/projects/sadhanamrita/bin/spring:15:in `require'
	from /home/ruslan/projects/sadhanamrita/bin/spring:15:in `<top (required)>'
	from bin/rails:3:in `load'
	from bin/rails:3:in `<main>'
=== puma startup: 2017-04-19 18:28:19 +0500 ===
